<?xml version="1.0" encoding="UTF-8"?>
<coverage generated="1699709076939" clover="3.2.0">
  <project timestamp="1699709076939" name="All files">
    <metrics statements="73" coveredstatements="68" conditionals="35" coveredconditionals="26" methods="22" coveredmethods="18" elements="130" coveredelements="112" complexity="0" loc="73" ncloc="73" packages="7" files="11" classes="11"/>
    <package name="1-Atoms">
      <metrics statements="2" coveredstatements="2" conditionals="0" coveredconditionals="0" methods="2" coveredmethods="2"/>
      <file name="index.ts" path="/Users/vijayakm/Documents/Singtel/src/1-Atoms/index.ts">
        <metrics statements="2" coveredstatements="2" conditionals="0" coveredconditionals="0" methods="2" coveredmethods="2"/>
        <line num="1" count="13" type="stmt"/>
        <line num="2" count="10" type="stmt"/>
      </file>
    </package>
    <package name="1-Atoms.TableColumn">
      <metrics statements="13" coveredstatements="13" conditionals="9" coveredconditionals="7" methods="3" coveredmethods="3"/>
      <file name="TableColumn.tsx" path="/Users/vijayakm/Documents/Singtel/src/1-Atoms/TableColumn/TableColumn.tsx">
        <metrics statements="12" coveredstatements="12" conditionals="9" coveredconditionals="7" methods="2" coveredmethods="2"/>
        <line num="1" count="2" type="stmt"/>
        <line num="2" count="2" type="stmt"/>
        <line num="5" count="2" type="stmt"/>
        <line num="7" count="2" type="stmt"/>
        <line num="14" count="14" type="stmt"/>
        <line num="15" count="14" type="stmt"/>
        <line num="17" count="14" type="stmt"/>
        <line num="18" count="3" type="cond" truecount="1" falsecount="0"/>
        <line num="19" count="2" type="stmt"/>
        <line num="20" count="2" type="stmt"/>
        <line num="23" count="14" type="stmt"/>
        <line num="46" count="2" type="stmt"/>
      </file>
      <file name="index.ts" path="/Users/vijayakm/Documents/Singtel/src/1-Atoms/TableColumn/index.ts">
        <metrics statements="1" coveredstatements="1" conditionals="0" coveredconditionals="0" methods="1" coveredmethods="1"/>
        <line num="1" count="10" type="stmt"/>
      </file>
    </package>
    <package name="1-Atoms.TableRow">
      <metrics statements="7" coveredstatements="7" conditionals="7" coveredconditionals="2" methods="3" coveredmethods="3"/>
      <file name="TableRow.tsx" path="/Users/vijayakm/Documents/Singtel/src/1-Atoms/TableRow/TableRow.tsx">
        <metrics statements="6" coveredstatements="6" conditionals="7" coveredconditionals="2" methods="2" coveredmethods="2"/>
        <line num="2" count="1" type="stmt"/>
        <line num="7" count="1" type="stmt"/>
        <line num="15" count="12" type="stmt"/>
        <line num="17" count="12" type="stmt"/>
        <line num="33" count="36" type="stmt"/>
        <line num="41" count="1" type="stmt"/>
      </file>
      <file name="index.ts" path="/Users/vijayakm/Documents/Singtel/src/1-Atoms/TableRow/index.ts">
        <metrics statements="1" coveredstatements="1" conditionals="0" coveredconditionals="0" methods="1" coveredmethods="1"/>
        <line num="1" count="13" type="stmt"/>
      </file>
    </package>
    <package name="2-Molecules.Table">
      <metrics statements="25" coveredstatements="20" conditionals="6" coveredconditionals="4" methods="7" coveredmethods="5"/>
      <file name="Table.tsx" path="/Users/vijayakm/Documents/Singtel/src/2-Molecules/Table/Table.tsx">
        <metrics statements="25" coveredstatements="20" conditionals="6" coveredconditionals="4" methods="7" coveredmethods="5"/>
        <line num="1" count="1" type="stmt"/>
        <line num="2" count="1" type="stmt"/>
        <line num="4" count="1" type="stmt"/>
        <line num="5" count="1" type="stmt"/>
        <line num="8" count="1" type="stmt"/>
        <line num="14" count="3" type="stmt"/>
        <line num="15" count="3" type="stmt"/>
        <line num="16" count="3" type="stmt"/>
        <line num="17" count="3" type="stmt"/>
        <line num="19" count="3" type="stmt"/>
        <line num="21" count="1" type="cond" truecount="1" falsecount="1"/>
        <line num="24" count="1" type="stmt"/>
        <line num="25" count="1" type="stmt"/>
        <line num="26" count="1" type="stmt"/>
        <line num="29" count="3" type="stmt"/>
        <line num="30" count="0" type="stmt"/>
        <line num="34" count="0" type="stmt"/>
        <line num="35" count="0" type="cond" truecount="0" falsecount="1"/>
        <line num="36" count="0" type="stmt"/>
        <line num="41" count="3" type="stmt"/>
        <line num="47" count="9" type="stmt"/>
        <line num="52" count="1" type="stmt"/>
        <line num="60" count="12" type="stmt"/>
        <line num="66" count="0" type="stmt"/>
        <line num="74" count="1" type="stmt"/>
      </file>
    </package>
    <package name="Styles">
      <metrics statements="7" coveredstatements="7" conditionals="0" coveredconditionals="0" methods="2" coveredmethods="1"/>
      <file name="TableStyles.ts" path="/Users/vijayakm/Documents/Singtel/src/Styles/TableStyles.ts">
        <metrics statements="3" coveredstatements="3" conditionals="0" coveredconditionals="0" methods="0" coveredmethods="0"/>
        <line num="1" count="2" type="stmt"/>
        <line num="3" count="2" type="stmt"/>
        <line num="21" count="2" type="stmt"/>
      </file>
      <file name="index.ts" path="/Users/vijayakm/Documents/Singtel/src/Styles/index.ts">
        <metrics statements="2" coveredstatements="2" conditionals="0" coveredconditionals="0" methods="2" coveredmethods="1"/>
        <line num="1" count="58" type="stmt"/>
        <line num="2" count="2" type="stmt"/>
      </file>
      <file name="theme.ts" path="/Users/vijayakm/Documents/Singtel/src/Styles/theme.ts">
        <metrics statements="2" coveredstatements="2" conditionals="0" coveredconditionals="0" methods="0" coveredmethods="0"/>
        <line num="1" count="2" type="stmt"/>
        <line num="14" count="2" type="stmt"/>
      </file>
    </package>
    <package name="assets.svg">
      <metrics statements="2" coveredstatements="2" conditionals="0" coveredconditionals="0" methods="2" coveredmethods="1"/>
      <file name="index.ts" path="/Users/vijayakm/Documents/Singtel/src/assets/svg/index.ts">
        <metrics statements="2" coveredstatements="2" conditionals="0" coveredconditionals="0" methods="2" coveredmethods="1"/>
        <line num="1" count="3" type="stmt"/>
        <line num="2" count="2" type="stmt"/>
      </file>
    </package>
    <package name="utils">
      <metrics statements="17" coveredstatements="17" conditionals="13" coveredconditionals="13" methods="3" coveredmethods="3"/>
      <file name="Functions.ts" path="/Users/vijayakm/Documents/Singtel/src/utils/Functions.ts">
        <metrics statements="17" coveredstatements="17" conditionals="13" coveredconditionals="13" methods="3" coveredmethods="3"/>
        <line num="3" count="2" type="stmt"/>
        <line num="8" count="5" type="stmt"/>
        <line num="10" count="5" type="stmt"/>
        <line num="11" count="14" type="stmt"/>
        <line num="12" count="14" type="stmt"/>
        <line num="14" count="14" type="cond" truecount="4" falsecount="0"/>
        <line num="15" count="7" type="cond" truecount="2" falsecount="0"/>
        <line num="19" count="7" type="cond" truecount="3" falsecount="0"/>
        <line num="20" count="7" type="cond" truecount="2" falsecount="0"/>
        <line num="26" count="5" type="stmt"/>
        <line num="29" count="2" type="stmt"/>
        <line num="34" count="3" type="stmt"/>
        <line num="35" count="3" type="stmt"/>
        <line num="37" count="3" type="cond" truecount="2" falsecount="0"/>
        <line num="38" count="2" type="stmt"/>
        <line num="40" count="1" type="stmt"/>
        <line num="43" count="3" type="stmt"/>
      </file>
    </package>
  </project>
</coverage>
