{"/Users/vijayakm/Documents/Singtel/src/1-Atoms/index.ts": {"path":"/Users/vijayakm/Documents/Singtel/src/1-Atoms/index.ts","statementMap":{"0":{"start":{"line":1,"column":0},"end":{"line":1,"column":8}},"1":{"start":{"line":1,"column":8},"end":{"line":1,"column":27}},"2":{"start":{"line":2,"column":0},"end":{"line":2,"column":8}},"3":{"start":{"line":2,"column":8},"end":{"line":2,"column":30}}},"fnMap":{"0":{"name":"(anonymous_0)","decl":{"start":{"line":1,"column":8},"end":{"line":1,"column":15}},"loc":{"start":{"line":1,"column":8},"end":{"line":1,"column":27}}},"1":{"name":"(anonymous_1)","decl":{"start":{"line":2,"column":8},"end":{"line":2,"column":15}},"loc":{"start":{"line":2,"column":8},"end":{"line":2,"column":30}}}},"branchMap":{},"s":{"0":1,"1":13,"2":1,"3":10},"f":{"0":12,"1":9},"b":{}}
,"/Users/vijayakm/Documents/Singtel/src/1-Atoms/TableColumn/TableColumn.tsx": {"path":"/Users/vijayakm/Documents/Singtel/src/1-Atoms/TableColumn/TableColumn.tsx","statementMap":{"0":{"start":{"line":1,"column":0},"end":{"line":1,"column":40}},"1":{"start":{"line":2,"column":0},"end":{"line":2,"column":43}},"2":{"start":{"line":5,"column":0},"end":{"line":5,"column":58}},"3":{"start":{"line":7,"column":19},"end":{"line":44,"column":1}},"4":{"start":{"line":14,"column":10},"end":{"line":14,"column":15}},"5":{"start":{"line":15,"column":46},"end":{"line":15,"column":75}},"6":{"start":{"line":17,"column":28},"end":{"line":22,"column":3}},"7":{"start":{"line":18,"column":4},"end":{"line":21,"column":null}},"8":{"start":{"line":19,"column":6},"end":{"line":19,"column":17}},"9":{"start":{"line":20,"column":6},"end":{"line":20,"column":28}},"10":{"start":{"line":23,"column":2},"end":{"line":43,"column":4}},"11":{"start":{"line":46,"column":0},"end":{"line":46,"column":27}}},"fnMap":{"0":{"name":"(anonymous_0)","decl":{"start":{"line":7,"column":19},"end":{"line":7,"column":20}},"loc":{"start":{"line":7,"column":48},"end":{"line":44,"column":1}}},"1":{"name":"(anonymous_1)","decl":{"start":{"line":17,"column":28},"end":{"line":17,"column":31}},"loc":{"start":{"line":17,"column":33},"end":{"line":22,"column":3}}}},"branchMap":{"0":{"loc":{"start":{"line":11,"column":8},"end":{"line":11,"column":24}},"type":"default-arg","locations":[{"start":{"line":11,"column":19},"end":{"line":11,"column":24}}]},"1":{"loc":{"start":{"line":18,"column":4},"end":{"line":21,"column":null}},"type":"if","locations":[{"start":{"line":18,"column":4},"end":{"line":21,"column":null}}]},"2":{"loc":{"start":{"line":31,"column":7},"end":{"line":40,"column":null}},"type":"binary-expr","locations":[{"start":{"line":31,"column":7},"end":{"line":31,"column":15}},{"start":{"line":32,"column":6},"end":{"line":32,"column":27}},{"start":{"line":33,"column":10},"end":{"line":39,"column":null}}]},"3":{"loc":{"start":{"line":34,"column":13},"end":{"line":35,"column":null}},"type":"binary-expr","locations":[{"start":{"line":34,"column":13},"end":{"line":34,"column":31}},{"start":{"line":35,"column":14},"end":{"line":35,"column":54}}]},"4":{"loc":{"start":{"line":37,"column":13},"end":{"line":38,"column":null}},"type":"binary-expr","locations":[{"start":{"line":37,"column":13},"end":{"line":37,"column":33}},{"start":{"line":38,"column":14},"end":{"line":38,"column":58}}]}},"s":{"0":2,"1":2,"2":2,"3":2,"4":14,"5":14,"6":14,"7":3,"8":2,"9":2,"10":14,"11":2},"f":{"0":14,"1":3},"b":{"0":[0],"1":[2],"2":[14,13,2],"3":[2,1],"4":[2,0]}}
,"/Users/vijayakm/Documents/Singtel/src/1-Atoms/TableColumn/index.ts": {"path":"/Users/vijayakm/Documents/Singtel/src/1-Atoms/TableColumn/index.ts","statementMap":{"0":{"start":{"line":1,"column":0},"end":{"line":1,"column":8}},"1":{"start":{"line":1,"column":8},"end":{"line":1,"column":37}}},"fnMap":{"0":{"name":"(anonymous_0)","decl":{"start":{"line":1,"column":8},"end":{"line":1,"column":15}},"loc":{"start":{"line":1,"column":8},"end":{"line":1,"column":37}}}},"branchMap":{},"s":{"0":1,"1":10},"f":{"0":9},"b":{}}
,"/Users/vijayakm/Documents/Singtel/src/1-Atoms/TableRow/TableRow.tsx": {"path":"/Users/vijayakm/Documents/Singtel/src/1-Atoms/TableRow/TableRow.tsx","statementMap":{"0":{"start":{"line":2,"column":0},"end":{"line":2,"column":43}},"1":{"start":{"line":7,"column":17},"end":{"line":39,"column":1}},"2":{"start":{"line":15,"column":10},"end":{"line":15,"column":15}},"3":{"start":{"line":17,"column":2},"end":{"line":38,"column":4}},"4":{"start":{"line":33,"column":8},"end":{"line":33,"column":44}},"5":{"start":{"line":41,"column":0},"end":{"line":41,"column":24}}},"fnMap":{"0":{"name":"(anonymous_0)","decl":{"start":{"line":7,"column":17},"end":{"line":7,"column":59}},"loc":{"start":{"line":7,"column":88},"end":{"line":39,"column":1}}},"1":{"name":"(anonymous_1)","decl":{"start":{"line":32,"column":19},"end":{"line":32,"column":20}},"loc":{"start":{"line":33,"column":8},"end":{"line":33,"column":44}}}},"branchMap":{"0":{"loc":{"start":{"line":12,"column":8},"end":{"line":12,"column":27}},"type":"default-arg","locations":[{"start":{"line":12,"column":21},"end":{"line":12,"column":27}}]},"1":{"loc":{"start":{"line":20,"column":13},"end":{"line":20,"column":54}},"type":"cond-expr","locations":[{"start":{"line":20,"column":24},"end":{"line":20,"column":47}},{"start":{"line":20,"column":50},"end":{"line":20,"column":54}}]},"2":{"loc":{"start":{"line":23,"column":7},"end":{"line":30,"column":null}},"type":"binary-expr","locations":[{"start":{"line":23,"column":7},"end":{"line":23,"column":28}},{"start":{"line":24,"column":8},"end":{"line":29,"column":null}}]},"3":{"loc":{"start":{"line":25,"column":11},"end":{"line":28,"column":null}},"type":"cond-expr","locations":[{"start":{"line":26,"column":12},"end":{"line":26,"column":65}},{"start":{"line":28,"column":12},"end":{"line":28,"column":79}}]}},"s":{"0":1,"1":1,"2":12,"3":12,"4":36,"5":1},"f":{"0":12,"1":36},"b":{"0":[0],"1":[0,12],"2":[12,0],"3":[0,0]}}
,"/Users/vijayakm/Documents/Singtel/src/1-Atoms/TableRow/index.ts": {"path":"/Users/vijayakm/Documents/Singtel/src/1-Atoms/TableRow/index.ts","statementMap":{"0":{"start":{"line":1,"column":0},"end":{"line":1,"column":8}},"1":{"start":{"line":1,"column":8},"end":{"line":1,"column":34}}},"fnMap":{"0":{"name":"(anonymous_0)","decl":{"start":{"line":1,"column":8},"end":{"line":1,"column":15}},"loc":{"start":{"line":1,"column":8},"end":{"line":1,"column":34}}}},"branchMap":{},"s":{"0":1,"1":13},"f":{"0":12},"b":{}}
,"/Users/vijayakm/Documents/Singtel/src/2-Molecules/Table/Table.tsx": {"path":"/Users/vijayakm/Documents/Singtel/src/2-Molecules/Table/Table.tsx","statementMap":{"0":{"start":{"line":1,"column":0},"end":{"line":1,"column":51}},"1":{"start":{"line":2,"column":0},"end":{"line":2,"column":52}},"2":{"start":{"line":4,"column":0},"end":{"line":4,"column":66}},"3":{"start":{"line":5,"column":0},"end":{"line":5,"column":43}},"4":{"start":{"line":8,"column":14},"end":{"line":72,"column":1}},"5":{"start":{"line":14,"column":6},"end":{"line":14,"column":11}},"6":{"start":{"line":15,"column":38},"end":{"line":15,"column":57}},"7":{"start":{"line":16,"column":36},"end":{"line":16,"column":63}},"8":{"start":{"line":17,"column":42},"end":{"line":17,"column":64}},"9":{"start":{"line":19,"column":21},"end":{"line":27,"column":3}},"10":{"start":{"line":21,"column":6},"end":{"line":23,"column":14}},"11":{"start":{"line":24,"column":4},"end":{"line":24,"column":31}},"12":{"start":{"line":25,"column":19},"end":{"line":25,"column":63}},"13":{"start":{"line":26,"column":4},"end":{"line":26,"column":26}},"14":{"start":{"line":29,"column":29},"end":{"line":38,"column":3}},"15":{"start":{"line":30,"column":32},"end":{"line":32,"column":null}},"16":{"start":{"line":34,"column":4},"end":{"line":34,"column":41}},"17":{"start":{"line":35,"column":4},"end":{"line":37,"column":null}},"18":{"start":{"line":36,"column":6},"end":{"line":36,"column":45}},"19":{"start":{"line":41,"column":2},"end":{"line":71,"column":4}},"20":{"start":{"line":47,"column":12},"end":{"line":48,"column":null}},"21":{"start":{"line":52,"column":28},"end":{"line":52,"column":49}},"22":{"start":{"line":60,"column":10},"end":{"line":61,"column":null}},"23":{"start":{"line":66,"column":28},"end":{"line":66,"column":53}},"24":{"start":{"line":74,"column":0},"end":{"line":74,"column":21}}},"fnMap":{"0":{"name":"(anonymous_0)","decl":{"start":{"line":8,"column":14},"end":{"line":8,"column":56}},"loc":{"start":{"line":8,"column":81},"end":{"line":72,"column":1}}},"1":{"name":"(anonymous_1)","decl":{"start":{"line":19,"column":21},"end":{"line":19,"column":22}},"loc":{"start":{"line":19,"column":42},"end":{"line":27,"column":3}}},"2":{"name":"(anonymous_2)","decl":{"start":{"line":29,"column":29},"end":{"line":29,"column":30}},"loc":{"start":{"line":29,"column":50},"end":{"line":38,"column":3}}},"3":{"name":"(anonymous_3)","decl":{"start":{"line":46,"column":23},"end":{"line":46,"column":24}},"loc":{"start":{"line":47,"column":12},"end":{"line":48,"column":null}}},"4":{"name":"(anonymous_4)","decl":{"start":{"line":52,"column":22},"end":{"line":52,"column":25}},"loc":{"start":{"line":52,"column":28},"end":{"line":52,"column":49}}},"5":{"name":"(anonymous_5)","decl":{"start":{"line":59,"column":24},"end":{"line":59,"column":25}},"loc":{"start":{"line":60,"column":10},"end":{"line":61,"column":null}}},"6":{"name":"(anonymous_6)","decl":{"start":{"line":66,"column":22},"end":{"line":66,"column":25}},"loc":{"start":{"line":66,"column":28},"end":{"line":66,"column":53}}}},"branchMap":{"0":{"loc":{"start":{"line":12,"column":3},"end":{"line":12,"column":22}},"type":"default-arg","locations":[{"start":{"line":12,"column":16},"end":{"line":12,"column":22}}]},"1":{"loc":{"start":{"line":21,"column":6},"end":{"line":23,"column":14}},"type":"cond-expr","locations":[{"start":{"line":22,"column":10},"end":{"line":22,"column":16}},{"start":{"line":23,"column":10},"end":{"line":23,"column":14}}]},"2":{"loc":{"start":{"line":35,"column":4},"end":{"line":37,"column":null}},"type":"if","locations":[{"start":{"line":35,"column":4},"end":{"line":37,"column":null}}]},"3":{"loc":{"start":{"line":53,"column":25},"end":{"line":53,"column":64}},"type":"cond-expr","locations":[{"start":{"line":53,"column":48},"end":{"line":53,"column":52}},{"start":{"line":53,"column":55},"end":{"line":53,"column":64}}]}},"s":{"0":1,"1":1,"2":1,"3":1,"4":1,"5":3,"6":3,"7":3,"8":3,"9":3,"10":1,"11":1,"12":1,"13":1,"14":3,"15":0,"16":0,"17":0,"18":0,"19":3,"20":9,"21":1,"22":12,"23":0,"24":1},"f":{"0":3,"1":1,"2":0,"3":9,"4":1,"5":12,"6":0},"b":{"0":[3],"1":[0,1],"2":[0],"3":[6,3]}}
,"/Users/vijayakm/Documents/Singtel/src/Styles/TableStyles.ts": {"path":"/Users/vijayakm/Documents/Singtel/src/Styles/TableStyles.ts","statementMap":{"0":{"start":{"line":1,"column":0},"end":{"line":1,"column":35}},"1":{"start":{"line":3,"column":20},"end":{"line":19,"column":2}},"2":{"start":{"line":21,"column":0},"end":{"line":21,"column":27}}},"fnMap":{},"branchMap":{},"s":{"0":2,"1":2,"2":2},"f":{},"b":{}}
,"/Users/vijayakm/Documents/Singtel/src/Styles/index.ts": {"path":"/Users/vijayakm/Documents/Singtel/src/Styles/index.ts","statementMap":{"0":{"start":{"line":1,"column":0},"end":{"line":1,"column":9}},"1":{"start":{"line":1,"column":9},"end":{"line":1,"column":31}},"2":{"start":{"line":2,"column":0},"end":{"line":2,"column":9}},"3":{"start":{"line":2,"column":9},"end":{"line":2,"column":32}}},"fnMap":{"0":{"name":"(anonymous_0)","decl":{"start":{"line":1,"column":9},"end":{"line":1,"column":16}},"loc":{"start":{"line":1,"column":9},"end":{"line":1,"column":31}}},"1":{"name":"(anonymous_1)","decl":{"start":{"line":2,"column":9},"end":{"line":2,"column":16}},"loc":{"start":{"line":2,"column":9},"end":{"line":2,"column":32}}}},"branchMap":{},"s":{"0":2,"1":58,"2":2,"3":2},"f":{"0":56,"1":0},"b":{}}
,"/Users/vijayakm/Documents/Singtel/src/Styles/theme.ts": {"path":"/Users/vijayakm/Documents/Singtel/src/Styles/theme.ts","statementMap":{"0":{"start":{"line":1,"column":22},"end":{"line":12,"column":4}},"1":{"start":{"line":14,"column":2},"end":{"line":14,"column":30}}},"fnMap":{},"branchMap":{},"s":{"0":2,"1":2},"f":{},"b":{}}
,"/Users/vijayakm/Documents/Singtel/src/assets/svg/index.ts": {"path":"/Users/vijayakm/Documents/Singtel/src/assets/svg/index.ts","statementMap":{"0":{"start":{"line":1,"column":0},"end":{"line":1,"column":8}},"1":{"start":{"line":1,"column":8},"end":{"line":1,"column":28}},"2":{"start":{"line":2,"column":0},"end":{"line":2,"column":8}},"3":{"start":{"line":2,"column":8},"end":{"line":2,"column":30}}},"fnMap":{"0":{"name":"(anonymous_0)","decl":{"start":{"line":1,"column":8},"end":{"line":1,"column":15}},"loc":{"start":{"line":1,"column":8},"end":{"line":1,"column":28}}},"1":{"name":"(anonymous_1)","decl":{"start":{"line":2,"column":8},"end":{"line":2,"column":15}},"loc":{"start":{"line":2,"column":8},"end":{"line":2,"column":30}}}},"branchMap":{},"s":{"0":2,"1":3,"2":2,"3":2},"f":{"0":1,"1":0},"b":{}}
,"/Users/vijayakm/Documents/Singtel/src/utils/Functions.ts": {"path":"/Users/vijayakm/Documents/Singtel/src/utils/Functions.ts","statementMap":{"0":{"start":{"line":3,"column":24},"end":{"line":27,"column":1}},"1":{"start":{"line":8,"column":17},"end":{"line":8,"column":26}},"2":{"start":{"line":10,"column":2},"end":{"line":24,"column":5}},"3":{"start":{"line":11,"column":19},"end":{"line":11,"column":30}},"4":{"start":{"line":12,"column":19},"end":{"line":12,"column":30}},"5":{"start":{"line":14,"column":4},"end":{"line":23,"column":null}},"6":{"start":{"line":15,"column":6},"end":{"line":17,"column":39}},"7":{"start":{"line":19,"column":9},"end":{"line":23,"column":null}},"8":{"start":{"line":20,"column":4},"end":{"line":22,"column":24}},"9":{"start":{"line":26,"column":2},"end":{"line":26,"column":16}},"10":{"start":{"line":3,"column":13},"end":{"line":3,"column":24}},"11":{"start":{"line":29,"column":31},"end":{"line":44,"column":3}},"12":{"start":{"line":34,"column":18},"end":{"line":34,"column":48}},"13":{"start":{"line":35,"column":32},"end":{"line":35,"column":49}},"14":{"start":{"line":37,"column":4},"end":{"line":41,"column":null}},"15":{"start":{"line":38,"column":6},"end":{"line":38,"column":41}},"16":{"start":{"line":40,"column":6},"end":{"line":40,"column":43}},"17":{"start":{"line":43,"column":4},"end":{"line":43,"column":31}},"18":{"start":{"line":29,"column":13},"end":{"line":29,"column":31}}},"fnMap":{"0":{"name":"(anonymous_0)","decl":{"start":{"line":3,"column":24},"end":{"line":3,"column":null}},"loc":{"start":{"line":7,"column":4},"end":{"line":27,"column":1}}},"1":{"name":"(anonymous_1)","decl":{"start":{"line":10,"column":14},"end":{"line":10,"column":15}},"loc":{"start":{"line":10,"column":23},"end":{"line":24,"column":3}}},"2":{"name":"(anonymous_2)","decl":{"start":{"line":29,"column":31},"end":{"line":29,"column":null}},"loc":{"start":{"line":32,"column":6},"end":{"line":44,"column":3}}}},"branchMap":{"0":{"loc":{"start":{"line":14,"column":4},"end":{"line":23,"column":null}},"type":"if","locations":[{"start":{"line":14,"column":4},"end":{"line":23,"column":null}},{"start":{"line":19,"column":9},"end":{"line":23,"column":null}}]},"1":{"loc":{"start":{"line":14,"column":8},"end":{"line":14,"column":64}},"type":"binary-expr","locations":[{"start":{"line":14,"column":8},"end":{"line":14,"column":34}},{"start":{"line":14,"column":38},"end":{"line":14,"column":64}}]},"2":{"loc":{"start":{"line":15,"column":13},"end":{"line":17,"column":38}},"type":"cond-expr","locations":[{"start":{"line":16,"column":10},"end":{"line":16,"column":38}},{"start":{"line":17,"column":10},"end":{"line":17,"column":38}}]},"3":{"loc":{"start":{"line":19,"column":9},"end":{"line":23,"column":null}},"type":"if","locations":[{"start":{"line":19,"column":9},"end":{"line":23,"column":null}}]},"4":{"loc":{"start":{"line":19,"column":13},"end":{"line":19,"column":69}},"type":"binary-expr","locations":[{"start":{"line":19,"column":13},"end":{"line":19,"column":39}},{"start":{"line":19,"column":43},"end":{"line":19,"column":69}}]},"5":{"loc":{"start":{"line":20,"column":11},"end":{"line":22,"column":23}},"type":"cond-expr","locations":[{"start":{"line":21,"column":8},"end":{"line":21,"column":23}},{"start":{"line":22,"column":8},"end":{"line":22,"column":23}}]},"6":{"loc":{"start":{"line":37,"column":4},"end":{"line":41,"column":null}},"type":"if","locations":[{"start":{"line":37,"column":4},"end":{"line":41,"column":null}},{"start":{"line":39,"column":11},"end":{"line":41,"column":null}}]}},"s":{"0":2,"1":5,"2":5,"3":14,"4":14,"5":14,"6":7,"7":7,"8":7,"9":5,"10":2,"11":2,"12":3,"13":3,"14":3,"15":2,"16":1,"17":3,"18":2},"f":{"0":5,"1":14,"2":3},"b":{"0":[7,7],"1":[14,7],"2":[5,2],"3":[7],"4":[7,7],"5":[3,4],"6":[2,1]}}
}
