TN:
SF:src/1-Atoms/index.ts
FN:1,(anonymous_0)
FN:2,(anonymous_1)
FNF:2
FNH:2
FNDA:12,(anonymous_0)
FNDA:9,(anonymous_1)
DA:1,13
DA:2,10
LF:2
LH:2
BRF:0
BRH:0
end_of_record
TN:
SF:src/1-Atoms/TableColumn/TableColumn.tsx
FN:7,(anonymous_0)
FN:17,(anonymous_1)
FNF:2
FNH:2
FNDA:14,(anonymous_0)
FNDA:3,(anonymous_1)
DA:1,2
DA:2,2
DA:5,2
DA:7,2
DA:14,14
DA:15,14
DA:17,14
DA:18,3
DA:19,2
DA:20,2
DA:23,14
DA:46,2
LF:12
LH:12
BRDA:11,0,0,0
BRDA:18,1,0,2
BRDA:31,2,0,14
BRDA:31,2,1,13
BRDA:31,2,2,2
BRDA:34,3,0,2
BRDA:34,3,1,1
BRDA:37,4,0,2
BRDA:37,4,1,0
BRF:9
BRH:7
end_of_record
TN:
SF:src/1-Atoms/TableColumn/index.ts
FN:1,(anonymous_0)
FNF:1
FNH:1
FNDA:9,(anonymous_0)
DA:1,10
LF:1
LH:1
BRF:0
BRH:0
end_of_record
TN:
SF:src/1-Atoms/TableRow/TableRow.tsx
FN:7,(anonymous_0)
FN:32,(anonymous_1)
FNF:2
FNH:2
FNDA:12,(anonymous_0)
FNDA:36,(anonymous_1)
DA:2,1
DA:7,1
DA:15,12
DA:17,12
DA:33,36
DA:41,1
LF:6
LH:6
BRDA:12,0,0,0
BRDA:20,1,0,0
BRDA:20,1,1,12
BRDA:23,2,0,12
BRDA:23,2,1,0
BRDA:25,3,0,0
BRDA:25,3,1,0
BRF:7
BRH:2
end_of_record
TN:
SF:src/1-Atoms/TableRow/index.ts
FN:1,(anonymous_0)
FNF:1
FNH:1
FNDA:12,(anonymous_0)
DA:1,13
LF:1
LH:1
BRF:0
BRH:0
end_of_record
TN:
SF:src/2-Molecules/Table/Table.tsx
FN:8,(anonymous_0)
FN:19,(anonymous_1)
FN:29,(anonymous_2)
FN:46,(anonymous_3)
FN:52,(anonymous_4)
FN:59,(anonymous_5)
FN:66,(anonymous_6)
FNF:7
FNH:5
FNDA:3,(anonymous_0)
FNDA:1,(anonymous_1)
FNDA:0,(anonymous_2)
FNDA:9,(anonymous_3)
FNDA:1,(anonymous_4)
FNDA:12,(anonymous_5)
FNDA:0,(anonymous_6)
DA:1,1
DA:2,1
DA:4,1
DA:5,1
DA:8,1
DA:14,3
DA:15,3
DA:16,3
DA:17,3
DA:19,3
DA:21,1
DA:24,1
DA:25,1
DA:26,1
DA:29,3
DA:30,0
DA:34,0
DA:35,0
DA:36,0
DA:41,3
DA:47,9
DA:52,1
DA:60,12
DA:66,0
DA:74,1
LF:25
LH:20
BRDA:12,0,0,3
BRDA:21,1,0,0
BRDA:21,1,1,1
BRDA:35,2,0,0
BRDA:53,3,0,6
BRDA:53,3,1,3
BRF:6
BRH:4
end_of_record
TN:
SF:src/Styles/TableStyles.ts
FNF:0
FNH:0
DA:1,2
DA:3,2
DA:21,2
LF:3
LH:3
BRF:0
BRH:0
end_of_record
TN:
SF:src/Styles/index.ts
FN:1,(anonymous_0)
FN:2,(anonymous_1)
FNF:2
FNH:1
FNDA:56,(anonymous_0)
FNDA:0,(anonymous_1)
DA:1,58
DA:2,2
LF:2
LH:2
BRF:0
BRH:0
end_of_record
TN:
SF:src/Styles/theme.ts
FNF:0
FNH:0
DA:1,2
DA:14,2
LF:2
LH:2
BRF:0
BRH:0
end_of_record
TN:
SF:src/assets/svg/index.ts
FN:1,(anonymous_0)
FN:2,(anonymous_1)
FNF:2
FNH:1
FNDA:1,(anonymous_0)
FNDA:0,(anonymous_1)
DA:1,3
DA:2,2
LF:2
LH:2
BRF:0
BRH:0
end_of_record
TN:
SF:src/utils/Functions.ts
FN:3,(anonymous_0)
FN:10,(anonymous_1)
FN:29,(anonymous_2)
FNF:3
FNH:3
FNDA:5,(anonymous_0)
FNDA:14,(anonymous_1)
FNDA:3,(anonymous_2)
DA:3,2
DA:8,5
DA:10,5
DA:11,14
DA:12,14
DA:14,14
DA:15,7
DA:19,7
DA:20,7
DA:26,5
DA:29,2
DA:34,3
DA:35,3
DA:37,3
DA:38,2
DA:40,1
DA:43,3
LF:17
LH:17
BRDA:14,0,0,7
BRDA:14,0,1,7
BRDA:14,1,0,14
BRDA:14,1,1,7
BRDA:15,2,0,5
BRDA:15,2,1,2
BRDA:19,3,0,7
BRDA:19,4,0,7
BRDA:19,4,1,7
BRDA:20,5,0,3
BRDA:20,5,1,4
BRDA:37,6,0,2
BRDA:37,6,1,1
BRF:13
BRH:13
end_of_record
